<?xml version="1.0" encoding="UTF-8"?>
<!-- Generated by org.testng.reporters.JUnitReportReporter -->
<testsuite hostname="DESKTOP-6PQJET2" failures="0" tests="1" name="mainPage.carantinTest.TestITBootcamp5" time="20.112" errors="0" timestamp="30 Aug 2019 11:55:33 GMT" skipped="0">
  <testcase classname="mainPage.carantinTest.TestITBootcamp5" name="ArchiveOrgTest" time="20.112"/>
</testsuite> <!-- mainPage.carantinTest.TestITBootcamp5 -->
