<?xml version="1.0" encoding="UTF-8"?>
<!-- Generated by org.testng.reporters.JUnitReportReporter -->
<testsuite hostname="DESKTOP-6PQJET2" failures="0" tests="1" name="mainPage.carantinTest.TestITBootcamp6" time="23.504" errors="0" timestamp="29 Aug 2019 23:50:26 GMT" skipped="0">
  <testcase classname="mainPage.carantinTest.TestITBootcamp6" name="ArchiveOrgTest" time="23.504"/>
</testsuite> <!-- mainPage.carantinTest.TestITBootcamp6 -->
