<?xml version="1.0" encoding="UTF-8"?>
<!-- Generated by org.testng.reporters.JUnitReportReporter -->
<testsuite hostname="DESKTOP-6PQJET2" failures="0" tests="1" name="mainPage.carantinTest.TestITBootcamp3" time="29.491" errors="0" timestamp="29 Aug 2019 22:18:30 GMT" skipped="0">
  <testcase classname="mainPage.carantinTest.TestITBootcamp3" name="ArchiveOrgTest" time="29.491"/>
</testsuite> <!-- mainPage.carantinTest.TestITBootcamp3 -->
