<?xml version="1.0" encoding="UTF-8"?>
<!-- Generated by org.testng.reporters.JUnitReportReporter -->
<testsuite hostname="DESKTOP-6PQJET2" failures="0" tests="1" name="mainPage.carantinTest.TestITBootcamp7" time="21.648" errors="0" timestamp="30 Aug 2019 00:16:12 GMT" skipped="0">
  <testcase classname="mainPage.carantinTest.TestITBootcamp7" name="ArchiveOrgTest" time="21.648"/>
</testsuite> <!-- mainPage.carantinTest.TestITBootcamp7 -->
