<?xml version="1.0" encoding="UTF-8"?>
<!-- Generated by org.testng.reporters.JUnitReportReporter -->
<testsuite hostname="DESKTOP-6PQJET2" failures="0" tests="1" name="mainPage.carantinTest.TestITBootcamp2" time="29.390" errors="0" timestamp="30 Aug 2019 11:41:12 GMT" skipped="0">
  <testcase classname="mainPage.carantinTest.TestITBootcamp2" name="ArchiveOrgTest" time="29.390"/>
</testsuite> <!-- mainPage.carantinTest.TestITBootcamp2 -->
