<?xml version="1.0" encoding="UTF-8"?>
<!-- Generated by org.testng.reporters.JUnitReportReporter -->
<testsuite hostname="DESKTOP-6PQJET2" failures="0" tests="1" name="mainPage.carantinTest.TestITBootcamp4" time="39.028" errors="0" timestamp="29 Aug 2019 22:55:55 GMT" skipped="0">
  <testcase classname="mainPage.carantinTest.TestITBootcamp4" name="ArchiveOrgTest" time="39.028"/>
</testsuite> <!-- mainPage.carantinTest.TestITBootcamp4 -->
