<?xml version="1.0" encoding="UTF-8"?>
<!-- Generated by org.testng.reporters.JUnitReportReporter -->
<testsuite hostname="DESKTOP-6PQJET2" failures="0" tests="1" name="mainPage.tests.Test1" time="11.881" errors="0" timestamp="27 Aug 2019 10:46:30 GMT" skipped="0">
  <testcase classname="mainPage.tests.Test1" name="ArchiveOrgTest" time="11.881"/>
</testsuite> <!-- mainPage.tests.Test1 -->
