<?xml version="1.0" encoding="UTF-8"?>
<!-- Generated by org.testng.reporters.JUnitReportReporter -->
<testsuite hostname="DESKTOP-6PQJET2" failures="0" tests="1" name="mainPage.carantinTest.Test1" time="43.902" errors="0" timestamp="29 Aug 2019 12:41:27 GMT" skipped="0">
  <testcase classname="mainPage.carantinTest.Test1" name="ArchiveOrgTest" time="43.902"/>
</testsuite> <!-- mainPage.carantinTest.Test1 -->
