<?xml version="1.0" encoding="UTF-8"?>
<!-- Generated by org.testng.reporters.JUnitReportReporter -->
<testsuite hostname="DESKTOP-6PQJET2" failures="0" tests="1" name="metacafe_pages_testing.Test1" time="10.500" errors="0" timestamp="26 Aug 2019 13:46:00 GMT" skipped="0">
  <testcase classname="metacafe_pages_testing.Test1" name="MetaCaffeTest" time="10.500"/>
</testsuite> <!-- metacafe_pages_testing.Test1 -->
